1000
5.002501136360279E-4
5.002501281912463E-4
5.002501242639523E-4
5.002501243514888E-4
5.002501254993568E-4
5.00250124764093E-4
5.002501255893744E-4
5.002501249687153E-4
5.002501250094785E-4
5.002501247281911E-4
5.002501252729973E-4
5.002501248365435E-4
5.002501250591658E-4
5.002501253171326E-4
5.002501248383715E-4
5.002501251150468E-4
5.002501252987786E-4
5.002501251373452E-4
5.002501252246456E-4
5.002501252090439E-4
5.002501249108157E-4
5.002501251758168E-4
5.002501249981412E-4
5.002501250025888E-4
5.002501249533333E-4
5.00250125108461E-4
5.002501249988859E-4
5.002501249811732E-4
5.00250125274713E-4
5.002501249400972E-4
5.002501249113372E-4
5.002501249233694E-4
5.002501251600623E-4
5.002501249885929E-4
5.002501251338374E-4
5.002501249367147E-4
5.00250124969066E-4
5.002501249130068E-4
5.002501251517512E-4
5.002501251216321E-4
5.00250125006348E-4
5.002501250649725E-4
5.002501250595719E-4
5.002501251363443E-4
5.002501250200486E-4
5.002501250442771E-4
5.002501251130105E-4
5.002501250122541E-4
5.002501250828838E-4
5.002501250161839E-4
5.002501250435164E-4
5.002501250684353E-4
5.002501250522154E-4
5.002501250259215E-4
5.002501249700411E-4
5.00250125125438E-4
5.0025012502394E-4
5.002501250754661E-4
5.00250125108655E-4
5.002501249847116E-4
5.002501250622297E-4
5.002501249868039E-4
5.002501249486715E-4
5.002501250686081E-4
5.002501250929629E-4
5.002501251031135E-4
5.002501250953445E-4
5.002501250285104E-4
5.002501249619087E-4
5.002501250949767E-4
5.002501250428611E-4
5.002501251564723E-4
5.002501251524269E-4
5.002501250274422E-4
5.002501250513539E-4
5.002501249990921E-4
5.002501251116507E-4
5.002501249734891E-4
5.002501250064057E-4
5.002501250829833E-4
5.002501250363533E-4
5.002501251115544E-4
5.002501251134622E-4
5.002501251317661E-4
5.002501250614359E-4
5.002501251356799E-4
5.002501250279893E-4
5.002501250896806E-4
5.002501250500118E-4
5.0025012498936E-4
5.002501250764787E-4
5.002501249803885E-4
5.002501249969291E-4
5.002501250784372E-4
5.002501251069652E-4
5.002501250545729E-4
5.002501250813503E-4
5.00250125038678E-4
5.00250125066809E-4
5.00250124999812E-4
5.002501250883462E-4
5.002501250838563E-4
5.002501250008142E-4
5.002501250457516E-4
5.002501250287641E-4
5.00250125114106E-4
5.00250125112844E-4
5.00250125010646E-4
5.00250125012026E-4
5.002501250532831E-4
5.002501250382003E-4
5.002501250283016E-4
5.002501251129567E-4
5.002501249902829E-4
5.002501250638274E-4
5.002501251328705E-4
5.002501250421462E-4
5.002501250882625E-4
5.002501250852701E-4
5.002501250623921E-4
5.002501251179174E-4
5.002501249855354E-4
5.00250125138126E-4
5.002501250281689E-4
5.002501249815618E-4
5.002501249960916E-4
5.002501250760899E-4
5.002501251223808E-4
5.002501250781037E-4
5.002501250798415E-4
5.002501251164064E-4
5.002501250461289E-4
5.002501251309425E-4
5.002501250793961E-4
5.002501251197061E-4
5.002501251273068E-4
5.002501250170621E-4
5.002501250419402E-4
5.002501249847405E-4
5.002501251279976E-4
5.002501250311047E-4
5.002501250636752E-4
5.002501250249937E-4
5.002501250761452E-4
5.00250125037645E-4
5.002501250866637E-4
5.002501251206396E-4
5.002501251095217E-4
5.00250125072346E-4
5.002501251268514E-4
5.002501251066228E-4
5.002501251104338E-4
5.002501250247812E-4
5.002501250605932E-4
5.002501250689043E-4
5.002501250146818E-4
5.002501250772563E-4
5.002501250903461E-4
5.00250125112226E-4
5.002501250813468E-4
5.002501249855137E-4
5.002501250428218E-4
5.002501250889362E-4
5.002501250368425E-4
5.00250125036476E-4
5.002501250855964E-4
5.002501250573163E-4
5.002501250495159E-4
5.002501250465012E-4
5.002501250772487E-4
5.002501251121789E-4
5.002501251080587E-4
5.002501250767008E-4
5.002501250461985E-4
5.002501250222777E-4
5.002501250945266E-4
5.00250125028881E-4
5.002501249995583E-4
5.002501250818004E-4
5.002501251175932E-4
5.00250125050735E-4
5.002501250275754E-4
5.002501251165753E-4
5.00250124994276E-4
5.002501250626857E-4
5.002501250592768E-4
5.002501250410106E-4
5.002501250279514E-4
5.002501250838149E-4
5.002501250765854E-4
5.00250125072869E-4
5.00250125017373E-4
5.002501250923632E-4
5.002501250096103E-4
5.002501251166209E-4
5.002501250856073E-4
5.002501250383638E-4
5.002501250871187E-4
5.002501250455042E-4
5.00250125044918E-4
5.002501250715658E-4
5.002501250761836E-4
5.002501251190248E-4
5.002501250352934E-4
5.00250125016915E-4
5.002501250367906E-4
5.002501250754028E-4
5.002501250421082E-4
5.002501250725424E-4
5.002501250342007E-4
5.002501251233059E-4
5.002501250837327E-4
5.002501250727096E-4
5.002501250886391E-4
5.00250125023409E-4
5.002501251112148E-4
5.002501250652932E-4
5.002501250626025E-4
5.00250125089822E-4
5.002501250933199E-4
5.002501250774103E-4
5.002501250588678E-4
5.002501250584586E-4
5.002501250133109E-4
5.002501250846417E-4
5.002501250715541E-4
5.002501250578487E-4
5.00250124994229E-4
5.00250125095219E-4
5.002501250428531E-4
5.002501250368063E-4
5.002501250888651E-4
5.002501250241733E-4
5.002501250940506E-4
5.002501250390536E-4
5.002501250921739E-4
5.002501250546323E-4
5.002501250960828E-4
5.002501250560905E-4
5.002501250406816E-4
5.002501250293823E-4
5.00250125045234E-4
5.002501250217961E-4
5.002501250699449E-4
5.002501250966813E-4
5.002501250888013E-4
5.002501250759956E-4
5.002501251152615E-4
5.00250125069642E-4
5.002501251045424E-4
5.002501250289714E-4
5.002501250758104E-4
5.002501250811404E-4
5.002501250675369E-4
5.002501250631786E-4
5.002501250336825E-4
5.002501250725121E-4
5.002501250439787E-4
5.002501250929835E-4
5.002501250817712E-4
5.002501251087249E-4
5.002501251027516E-4
5.002501250503234E-4
5.002501249950209E-4
5.00250125077221E-4
5.002501250380158E-4
5.002501250876211E-4
5.002501250291555E-4
5.002501250514189E-4
5.002501250766546E-4
5.002501250482047E-4
5.00250125016642E-4
5.00250125085761E-4
5.002501251290474E-4
5.002501250056955E-4
5.002501250771375E-4
5.002501250398533E-4
5.002501250678099E-4
5.002501250471578E-4
5.002501250631363E-4
5.00250125045548E-4
5.002501250586835E-4
5.002501250193953E-4
5.002501251221718E-4
5.002501250571932E-4
5.002501250406541E-4
5.002501250696329E-4
5.00250125025511E-4
5.002501250600283E-4
5.002501250381524E-4
5.002501250704616E-4
5.002501250164371E-4
5.00250125086319E-4
5.002501250931295E-4
5.002501250573877E-4
5.002501250424641E-4
5.002501250406606E-4
5.002501250679428E-4
5.002501250100243E-4
5.002501250485709E-4
5.002501250697153E-4
5.002501251168364E-4
5.002501250828278E-4
5.002501250421449E-4
5.002501250572851E-4
5.002501251204728E-4
5.002501250659596E-4
5.002501249983869E-4
5.002501250620261E-4
5.002501250808019E-4
5.002501251129192E-4
5.002501250819318E-4
5.002501250636702E-4
5.002501250583884E-4
5.002501250909231E-4
5.00250125107936E-4
5.002501250661775E-4
5.00250125018267E-4
5.002501250631812E-4
5.002501250618036E-4
5.002501250333214E-4
5.002501250542647E-4
5.002501249956356E-4
5.002501250315715E-4
5.002501250877143E-4
5.002501250742782E-4
5.002501250480163E-4
5.002501250491347E-4
5.002501250487748E-4
5.00250125091823E-4
5.002501251106033E-4
5.002501251014136E-4
5.002501250911235E-4
5.00250125014787E-4
5.002501250946686E-4
5.002501250752917E-4
5.00250125077909E-4
5.002501250557854E-4
5.002501250832598E-4
5.002501250195922E-4
5.002501250425562E-4
5.002501251115509E-4
5.002501250445733E-4
5.002501250668729E-4
5.00250125045734E-4
5.00250125030821E-4
5.002501250826418E-4
5.002501250162615E-4
5.002501250799107E-4
5.002501250749201E-4
5.002501250185526E-4
5.002501250617707E-4
5.002501250421872E-4
5.002501250589728E-4
5.00250125070214E-4
5.002501250883262E-4
5.002501250441543E-4
5.002501250340958E-4
5.002501250801724E-4
5.002501250551455E-4
5.00250125090746E-4
5.0025012508582E-4
5.002501250535234E-4
5.002501250931234E-4
5.002501250429587E-4
5.00250125073673E-4
5.002501250362041E-4
5.002501251080206E-4
5.002501250545575E-4
5.002501251061191E-4
5.002501250459411E-4
5.002501250330348E-4
5.002501250708051E-4
5.002501250114426E-4
5.002501250360319E-4
5.002501250440461E-4
5.002501250129427E-4
5.002501250719921E-4
5.002501251120057E-4
5.002501250655623E-4
5.002501250573992E-4
5.002501250652063E-4
5.002501250937557E-4
5.002501250203531E-4
5.002501250953274E-4
5.002501250802685E-4
5.002501250881324E-4
5.002501250825381E-4
5.002501251032652E-4
5.002501250692298E-4
5.002501250480813E-4
5.002501250523405E-4
5.002501250837162E-4
5.00250125073485E-4
5.002501250711991E-4
5.002501250723874E-4
5.002501250679886E-4
5.002501250608157E-4
5.002501250448567E-4
5.002501250561339E-4
5.002501250597642E-4
5.002501250723989E-4
5.002501250643888E-4
5.002501250660056E-4
5.002501250480338E-4
5.002501250590953E-4
5.002501250822087E-4
5.002501250904606E-4
5.002501250701754E-4
5.002501250309889E-4
5.002501250749127E-4
5.002501251031093E-4
5.002501250507376E-4
5.002501250631476E-4
5.002501250493791E-4
5.002501250869575E-4
5.002501250998502E-4
5.002501250362351E-4
5.002501250591662E-4
5.002501250288562E-4
5.002501250766468E-4
5.002501250697723E-4
5.002501250539794E-4
5.002501250731361E-4
5.002501250832201E-4
5.002501250690272E-4
5.002501250385653E-4
5.002501250523565E-4
5.002501250846892E-4
5.002501250706995E-4
5.00250125069784E-4
5.002501250874773E-4
5.002501250421761E-4
5.002501250404245E-4
5.002501250378362E-4
5.002501250717204E-4
5.002501250829182E-4
5.002501250870907E-4
5.002501250340788E-4
5.002501250356813E-4
5.002501250637773E-4
5.002501250782787E-4
5.002501250331993E-4
5.002501250353348E-4
5.002501250864391E-4
5.002501250772171E-4
5.002501250534353E-4
5.002501250472751E-4
5.00250125071257E-4
5.002501250699319E-4
5.002501250495055E-4
5.002501251029784E-4
5.002501250518691E-4
5.002501250773901E-4
5.002501250834764E-4
5.002501250502109E-4
5.002501251035606E-4
5.002501250318283E-4
5.002501250320091E-4
5.002501250540837E-4
5.00250125072782E-4
5.002501250390126E-4
5.002501250254763E-4
5.00250125032492E-4
5.002501250777976E-4
5.002501250572135E-4
5.002501250395066E-4
5.002501250474781E-4
5.002501250680237E-4
5.002501250780059E-4
5.002501250304364E-4
5.002501250725886E-4
5.002501250774482E-4
5.002501250520994E-4
5.002501250273123E-4
5.002501250632517E-4
5.00250125070103E-4
5.002501250811996E-4
5.00250125034444E-4
5.002501250459795E-4
5.002501250484428E-4
5.002501250320915E-4
5.002501250470047E-4
5.002501250790171E-4
5.002501251033353E-4
5.002501250645889E-4
5.002501250826632E-4
5.002501250522345E-4
5.00250125052914E-4
5.002501250785162E-4
5.002501250387682E-4
5.002501250745139E-4
5.002501251093294E-4
5.002501250672884E-4
5.002501250338579E-4
5.002501250714821E-4
5.002501250518797E-4
5.002501250635269E-4
5.002501250573946E-4
5.002501250659518E-4
5.002501250518383E-4
5.002501250831594E-4
5.002501250506554E-4
5.002501250921994E-4
5.002501250864246E-4
5.002501250700921E-4
5.002501250767864E-4
5.002501250612956E-4
5.002501250611143E-4
5.002501250518194E-4
5.002501250815209E-4
5.002501250893443E-4
5.002501250270235E-4
5.002501250226329E-4
5.002501250718848E-4
5.002501250603289E-4
5.002501250889369E-4
5.002501250462551E-4
5.002501250838637E-4
5.002501250742763E-4
5.002501250774287E-4
5.002501250302757E-4
5.00250125046046E-4
5.002501250420824E-4
5.002501250375227E-4
5.002501251050277E-4
5.002501250640479E-4
5.002501250720849E-4
5.00250125088982E-4
5.002501250225212E-4
5.002501250515562E-4
5.00250125030628E-4
5.002501250723887E-4
5.002501250547708E-4
5.002501251049629E-4
5.002501250482131E-4
5.002501250830414E-4
5.002501250635709E-4
5.002501250443549E-4
5.002501251011094E-4
5.002501251043171E-4
5.002501250409334E-4
5.00250125038812E-4
5.002501251099563E-4
5.002501250762075E-4
5.002501250383192E-4
5.002501250918787E-4
5.002501250605301E-4
5.002501250573126E-4
5.002501250494233E-4
5.002501250574627E-4
5.002501250300905E-4
5.002501250314245E-4
5.002501250783178E-4
5.002501250878776E-4
5.002501250579894E-4
5.002501250380401E-4
5.00250125042955E-4
5.00250125087545E-4
5.002501250935577E-4
5.002501250342233E-4
5.002501250735414E-4
5.002501250480256E-4
5.002501250518296E-4
5.002501250840753E-4
5.00250125047042E-4
5.002501250392902E-4
5.002501250535203E-4
5.002501251043269E-4
5.002501250861166E-4
5.002501250369786E-4
5.002501250500153E-4
5.002501250523535E-4
5.002501250862175E-4
5.002501250810976E-4
5.002501250981372E-4
5.002501250394081E-4
5.002501250872763E-4
5.002501250520645E-4
5.002501250771345E-4
5.002501250586722E-4
5.002501250447905E-4
5.002501250707201E-4
5.002501250942237E-4
5.002501250989438E-4
5.002501250965703E-4
5.0025012506282E-4
5.002501250665982E-4
5.002501250609425E-4
5.002501250435552E-4
5.002501250731127E-4
5.002501250986045E-4
5.002501250866908E-4
5.00250125043406E-4
5.002501250588813E-4
5.002501250398275E-4
5.002501250880981E-4
5.002501250611321E-4
5.002501250276337E-4
5.002501250927073E-4
5.002501250492579E-4
5.002501250516676E-4
5.002501250630359E-4
5.002501250827157E-4
5.002501250787343E-4
5.0025012509985E-4
5.002501250524654E-4
5.002501250893155E-4
5.002501250659127E-4
5.002501250657386E-4
5.00250125082869E-4
5.002501251041523E-4
5.002501250560192E-4
5.002501250368995E-4
5.002501250991444E-4
5.002501250954033E-4
5.002501250406719E-4
5.002501250464507E-4
5.002501250596654E-4
5.002501250452535E-4
5.002501250674265E-4
5.002501250502434E-4
5.002501250390265E-4
5.002501250848063E-4
5.002501250394647E-4
5.002501250303386E-4
5.00250125088653E-4
5.002501250377421E-4
5.002501250464348E-4
5.002501250788722E-4
5.002501250799798E-4
5.002501250475412E-4
5.002501250567642E-4
5.002501250610907E-4
5.002501250747546E-4
5.002501250658728E-4
5.002501250493897E-4
5.00250125057536E-4
5.00250125075576E-4
5.002501250291249E-4
5.002501250896522E-4
5.002501250250726E-4
5.002501250394218E-4
5.002501250653988E-4
5.002501250899597E-4
5.002501250780951E-4
5.002501250796626E-4
5.002501251028934E-4
5.002501250788633E-4
5.002501250709033E-4
5.002501250736921E-4
5.002501250639753E-4
5.002501250884505E-4
5.002501250820739E-4
5.002501250952723E-4
5.002501250858228E-4
5.002501250576175E-4
5.002501251000105E-4
5.002501250562182E-4
5.002501250567027E-4
5.002501250561441E-4
5.002501250863985E-4
5.0025012508044E-4
5.002501250992585E-4
5.002501250827313E-4
5.002501250676026E-4
5.002501250768849E-4
5.002501250278807E-4
5.002501250228255E-4
5.002501250551616E-4
5.002501250426518E-4
5.002501250520085E-4
5.002501250728889E-4
5.002501250897465E-4
5.002501250697263E-4
5.002501250305292E-4
5.002501250755691E-4
5.00250125056557E-4
5.002501250996815E-4
5.002501250813897E-4
5.002501250562436E-4
5.002501250695106E-4
5.002501250676904E-4
5.002501250549708E-4
5.002501250823302E-4
5.002501250798569E-4
5.002501250973544E-4
5.002501250478363E-4
5.002501250846421E-4
5.002501250581757E-4
5.00250125066413E-4
5.002501250815281E-4
5.002501250525456E-4
5.002501250930167E-4
5.002501250731285E-4
5.002501250246179E-4
5.002501250933671E-4
5.002501250705406E-4
5.002501250376248E-4
5.002501251021752E-4
5.002501250414633E-4
5.002501250844205E-4
5.002501250565173E-4
5.002501250696483E-4
5.002501250282972E-4
5.002501250950594E-4
5.002501250304912E-4
5.002501250824739E-4
5.002501250691033E-4
5.002501250804955E-4
5.002501250804196E-4
5.002501250772173E-4
5.002501250705872E-4
5.002501250634932E-4
5.002501250945426E-4
5.002501250494715E-4
5.002501250654073E-4
5.00250125085215E-4
5.002501250728475E-4
5.002501250349865E-4
5.002501250658444E-4
5.002501250876961E-4
5.002501250780491E-4
5.002501250852577E-4
5.00250125079112E-4
5.002501250621959E-4
5.002501250630463E-4
5.002501250724891E-4
5.002501250802127E-4
5.002501250792977E-4
5.002501250284455E-4
5.002501250863239E-4
5.002501250795982E-4
5.002501250510191E-4
5.002501250405413E-4
5.002501250738068E-4
5.002501251016244E-4
5.002501250792103E-4
5.002501250918755E-4
5.00250125088941E-4
5.002501250618268E-4
5.002501250512981E-4
5.002501251027468E-4
5.002501250789249E-4
5.002501250721688E-4
5.002501250857662E-4
5.00250125062462E-4
5.002501250810877E-4
5.002501250884661E-4
5.002501250923037E-4
5.002501250643942E-4
5.002501250254267E-4
5.002501250967893E-4
5.002501250534201E-4
5.002501250851693E-4
5.002501250811271E-4
5.002501250661103E-4
5.00250125051443E-4
5.002501250445347E-4
5.002501250534702E-4
5.002501250280921E-4
5.002501250796346E-4
5.002501250882484E-4
5.002501250850231E-4
5.002501250559129E-4
5.002501250696702E-4
5.002501250238084E-4
5.002501250559925E-4
5.002501250433483E-4
5.002501250735312E-4
5.00250125070825E-4
5.002501250397904E-4
5.002501250816432E-4
5.002501250816241E-4
5.002501250657341E-4
5.002501250905781E-4
5.002501250710887E-4
5.002501250768955E-4
5.002501250289748E-4
5.002501250931251E-4
5.002501250858417E-4
5.002501250614014E-4
5.002501250827608E-4
5.002501250573909E-4
5.002501250857079E-4
5.002501250740913E-4
5.002501250535912E-4
5.002501250312118E-4
5.002501250708506E-4
5.002501250627089E-4
5.00250125073278E-4
5.002501250796277E-4
5.002501250847328E-4
5.002501250426033E-4
5.00250125065177E-4
5.002501250875376E-4
5.002501250687024E-4
5.002501250602367E-4
5.002501250816072E-4
5.002501250609794E-4
5.002501250674887E-4
5.002501250990557E-4
5.002501250803964E-4
5.002501250852642E-4
5.002501250679068E-4
5.002501250624205E-4
5.002501250763506E-4
5.002501250879656E-4
5.002501250844546E-4
5.002501250516689E-4
5.002501250688965E-4
5.002501250643114E-4
5.002501250669098E-4
5.00250125081355E-4
5.002501250806943E-4
5.002501251005066E-4
5.002501250757217E-4
5.002501250744712E-4
5.002501250695045E-4
5.002501250693145E-4
5.002501250644181E-4
5.00250125028183E-4
5.002501250244307E-4
5.002501250675111E-4
5.002501250640653E-4
5.002501250641047E-4
5.002501250762335E-4
5.002501250452984E-4
5.002501250700407E-4
5.002501250246775E-4
5.002501250860379E-4
5.002501250848397E-4
5.002501250645074E-4
5.00250125049045E-4
5.002501250327817E-4
5.00250125080881E-4
5.002501250742702E-4
5.002501250758505E-4
5.002501250766709E-4
5.002501250714329E-4
5.002501250730774E-4
5.002501250825659E-4
5.002501250724249E-4
5.002501250624715E-4
5.002501250713977E-4
5.002501250692905E-4
5.002501250734506E-4
5.002501250643691E-4
5.002501250726953E-4
5.002501250730295E-4
5.002501250733189E-4
5.002501250667114E-4
5.002501250678866E-4
5.002501250674334E-4
5.002501250822348E-4
5.002501250715755E-4
5.002501250697103E-4
5.002501250770891E-4
5.002501250790182E-4
5.002501250787224E-4
5.002501250676568E-4
5.00250125077384E-4
5.002501250695071E-4
5.002501250758568E-4
5.002501250698772E-4
5.002501250667942E-4
5.002501250756734E-4
5.002501250709996E-4
5.002501250719557E-4
5.002501250742472E-4
5.002501250823748E-4
5.002501250714986E-4
5.002501250745371E-4
5.00250125084138E-4
5.002501250758417E-4
5.002501250730026E-4
5.002501250733016E-4
5.002501250789936E-4
5.002501250774903E-4
5.002501250835627E-4
5.002501250691862E-4
5.002501250750068E-4
5.002501250756185E-4
5.002501250740391E-4
5.002501250811967E-4
5.002501250713103E-4
5.002501250748778E-4
5.002501250683071E-4
5.002501250730479E-4
5.002501250739571E-4
5.002501250769248E-4
5.002501250682557E-4
5.002501250726782E-4
5.002501250679834E-4
5.002501250706295E-4
5.002501250757848E-4
5.002501250706024E-4
5.002501250786003E-4
5.002501250710978E-4
5.002501250762634E-4
5.002501250740933E-4
5.00250125073492E-4
5.002501250730787E-4
5.002501250765891E-4
5.002501250795646E-4
5.00250125074693E-4
5.002501250742015E-4
5.002501250705564E-4
5.002501250750942E-4
5.002501250770332E-4
5.002501250736709E-4
5.00250125072349E-4
5.002501250840777E-4
5.002501250837574E-4
5.00250125077741E-4
5.002501250826147E-4
5.002501250728449E-4
5.00250125082331E-4
5.002501250818479E-4
5.002501250737431E-4
5.002501250762968E-4
5.002501250717048E-4
5.00250125075825E-4
5.002501250773869E-4
5.00250125081393E-4
5.002501250815537E-4
5.002501250793026E-4
5.002501250733584E-4
5.002501250718776E-4
5.002501250823575E-4
5.002501250775037E-4
5.002501250792517E-4
5.002501250724256E-4
5.002501250769137E-4
5.002501250747464E-4
5.002501250777527E-4
5.00250125079302E-4
5.002501250732775E-4
5.002501250757979E-4
5.002501250716603E-4
5.002501250759995E-4
5.002501250752111E-4
5.002501250749919E-4
5.002501250781235E-4
5.002501250794178E-4
5.002501250766854E-4
5.002501250810465E-4
5.002501250768669E-4
5.002501250751159E-4
5.002501250765345E-4
5.002501250752475E-4
5.002501250787772E-4
5.002501250800017E-4
5.00250125079251E-4
5.002501250745064E-4
5.00250125080644E-4
5.002501250778036E-4
5.002501250793165E-4
5.002501250744567E-4
5.002501250787291E-4
5.002501250773539E-4
5.002501250740293E-4
5.00250125076521E-4
5.002501250755634E-4
5.00250125079701E-4
5.002501250755719E-4
5.002501250765178E-4
5.002501250784947E-4
5.002501250817493E-4
5.002501250773765E-4
5.002501250753067E-4
5.002501250776876E-4
5.002501250758737E-4
5.0025012507727E-4
5.002501250776369E-4
5.002501250806909E-4
5.002501250797417E-4
5.002501250759761E-4
5.002501250777969E-4
5.0025012508009E-4
5.002501250776646E-4
5.002501250807216E-4
5.002501250766346E-4
5.002501250773472E-4
5.0025012508129E-4
5.00250125077106E-4
5.002501250775853E-4
5.002501250803023E-4
5.00250125078568E-4
5.002501250778266E-4
5.002501250780996E-4
5.002501250785862E-4
5.002501250772928E-4
5.002501250775599E-4
5.002501250783817E-4
5.002501250777568E-4
5.002501250779101E-4
5.00250125077953E-4
5.002501250778852E-4
5.002501250778169E-4

3.875966203347817E-10
